APPLICATION_BINARY_DIR:PATH=/home/calebb/Projects/work-projects/zephyr/zephyr-projects/zephyr-dma-driver-test/build
APP_DIR:PATH=/home/calebb/Projects/work-projects/zephyr/zephyr-projects/zephyr-dma-driver-test
BOARD_DIR:PATH=/home/calebb/Projects/work-projects/zephyr/zephyr/boards/nxp/frdm_mcxn947
BOARD_DIRECTORIES:INTERNAL=/home/calebb/Projects/work-projects/zephyr/zephyr/boards/nxp/frdm_mcxn947
CACHED_BOARD:STRING=frdm_mcxn947/mcxn947/cpu0
CACHED_SHIELD:STRING=
CACHED_SNIPPET:STRING=
FIND_PACKAGE_MESSAGE_DETAILS_Python3:INTERNAL=[/home/calebb/Projects/work-projects/myvenv/bin/python3][cfound components: Interpreter ][v3.13.7(3.10)]
HWM:INTERNAL=v2
HWMv2:INTERNAL=True
WEST:INTERNAL=/home/calebb/Projects/work-projects/myvenv/bin/python3;-m;west
WEST_PYTHON:UNINITIALIZED=/home/calebb/Projects/work-projects/myvenv/bin/python3
ZEPHYR_BASE:PATH=/home/calebb/Projects/work-projects/zephyr/zephyr
Zephyr_DIR:PATH=/home/calebb/Projects/work-projects/zephyr/zephyr/share/zephyr-package/cmake
_Python3_Compiler_REASON_FAILURE:INTERNAL=
_Python3_Development_REASON_FAILURE:INTERNAL=
_Python3_EXECUTABLE:INTERNAL=/home/calebb/Projects/work-projects/myvenv/bin/python3
_Python3_INTERPRETER_PROPERTIES:INTERNAL=Python;3;13;7;64;<none>;cpython-313-x86_64-linux-gnu;abi3;/usr/lib/python3.13;/home/calebb/Projects/work-projects/myvenv/lib/python3.13;/home/calebb/Projects/work-projects/myvenv/lib/python3.13/site-packages;/home/calebb/Projects/work-projects/myvenv/lib/python3.13/site-packages
_Python3_INTERPRETER_SIGNATURE:INTERNAL=ff5cb144d199046a7549530497bd2a5f
_Python3_NumPy_REASON_FAILURE:INTERNAL=
sysbuild_toplevel_BINARY_DIR:STATIC=/home/calebb/Projects/work-projects/zephyr/zephyr-projects/zephyr-dma-driver-test/build
sysbuild_toplevel_IS_TOP_LEVEL:STATIC=ON
sysbuild_toplevel_SOURCE_DIR:STATIC=/home/calebb/Projects/work-projects/zephyr/zephyr/share/sysbuild
BOARD:STRING=frdm_mcxn947/mcxn947/cpu0
SYSBUILD_NAME:STRING=remote
remote_BOARD:STRING=frdm_mcxn947/mcxn947/cpu1
