# This is the CMakeCache file.
# For build in directory: /home/bionet-caleb/testing/zephyr-testing/zephyr/my-projects/stupid-driver-zephyr/app/build
# It was generated by CMake: /usr/bin/cmake
# You can edit this file to change values found and used by cmake.
# If you do not want to change any of the values, simply exit the editor.
# If you do want to change a value, simply edit, save, and exit the editor.
# The syntax for the file is as follows:
# KEY:TYPE=VALUE
# KEY is the name of a variable in the cache.
# TYPE is a hint to GUIs for the type of VALUE, DO NOT EDIT TYPE!.
# VALUE is the current value for the KEY.

########################
# EXTERNAL cache entries
########################

//Application Binary Directory
APPLICATION_BINARY_DIR:PATH=/home/bionet-caleb/testing/zephyr-testing/zephyr/my-projects/stupid-driver-zephyr/app/build

//Application Source Directory
APPLICATION_SOURCE_DIR:PATH=/home/bionet-caleb/testing/zephyr-testing/zephyr/my-projects/stupid-driver-zephyr/app

//Selected board
BOARD:STRING=frdm_mcxn947

//Main board directory for board (frdm_mcxn947)
BOARD_DIR:PATH=/home/bionet-caleb/testing/zephyr-testing/zephyr/boards/nxp/frdm_mcxn947

//Path to a program.
CCACHE_FOUND:FILEPATH=CCACHE_FOUND-NOTFOUND

//Value Computed by CMake.
CMAKE_FIND_PACKAGE_REDIRECTS_DIR:STATIC=/home/bionet-caleb/testing/zephyr-testing/zephyr/my-projects/stupid-driver-zephyr/app/build/CMakeFiles/pkgRedirects

//No help, variable specified on the command line.
WEST_PYTHON:UNINITIALIZED=/home/bionet-caleb/testing/zephyr-testing/myvenv/bin/python3

//Zephyr base
ZEPHYR_BASE:PATH=/home/bionet-caleb/testing/zephyr-testing/zephyr

//The directory containing a CMake configuration file for ZephyrAppConfiguration.
ZephyrAppConfiguration_DIR:PATH=ZephyrAppConfiguration_DIR-NOTFOUND

//The directory containing a CMake configuration file for ZephyrBuildConfiguration.
ZephyrBuildConfiguration_DIR:PATH=ZephyrBuildConfiguration_DIR-NOTFOUND

//The directory containing a CMake configuration file for Zephyr.
Zephyr_DIR:PATH=/home/bionet-caleb/testing/zephyr-testing/zephyr/share/zephyr-package/cmake


########################
# INTERNAL cache entries
########################

//List of board directories for board (frdm_mcxn947)
BOARD_DIRECTORIES:INTERNAL=/home/bionet-caleb/testing/zephyr-testing/zephyr/boards/nxp/frdm_mcxn947
//This is the directory where this CMakeCache.txt was created
CMAKE_CACHEFILE_DIR:INTERNAL=/home/bionet-caleb/testing/zephyr-testing/zephyr/my-projects/stupid-driver-zephyr/app/build
//Major version of cmake used to create the current loaded cache
CMAKE_CACHE_MAJOR_VERSION:INTERNAL=3
//Minor version of cmake used to create the current loaded cache
CMAKE_CACHE_MINOR_VERSION:INTERNAL=28
//Patch version of cmake used to create the current loaded cache
CMAKE_CACHE_PATCH_VERSION:INTERNAL=3
//Path to CMake executable.
CMAKE_COMMAND:INTERNAL=/usr/bin/cmake
//Path to cpack program executable.
CMAKE_CPACK_COMMAND:INTERNAL=/usr/bin/cpack
//Path to ctest program executable.
CMAKE_CTEST_COMMAND:INTERNAL=/usr/bin/ctest
//Name of external makefile project generator.
CMAKE_EXTRA_GENERATOR:INTERNAL=
//Name of generator.
CMAKE_GENERATOR:INTERNAL=Ninja
//Generator instance identifier.
CMAKE_GENERATOR_INSTANCE:INTERNAL=
//Name of generator platform.
CMAKE_GENERATOR_PLATFORM:INTERNAL=
//Name of generator toolset.
CMAKE_GENERATOR_TOOLSET:INTERNAL=
//Source directory with the top level CMakeLists.txt file for this
// project
CMAKE_HOME_DIRECTORY:INTERNAL=/home/bionet-caleb/testing/zephyr-testing/zephyr/my-projects/stupid-driver-zephyr/app
//number of local generators
CMAKE_NUMBER_OF_MAKEFILES:INTERNAL=1
//Path to CMake installation.
CMAKE_ROOT:INTERNAL=/usr/share/cmake-3.28
//Details about finding Python3
FIND_PACKAGE_MESSAGE_DETAILS_Python3:INTERNAL=[/home/bionet-caleb/testing/zephyr-testing/myvenv/bin/python3][cfound components: Interpreter ][v3.12.3(3.10)]
//Zephyr hardware model version
HWM:INTERNAL=v2
//Zephyr hardware model
HWMv2:INTERNAL=True
//West
WEST:INTERNAL=/home/bionet-caleb/testing/zephyr-testing/myvenv/bin/python3;-m;west
//Compiler reason failure
_Python3_Compiler_REASON_FAILURE:INTERNAL=
//Development reason failure
_Python3_Development_REASON_FAILURE:INTERNAL=
_Python3_EXECUTABLE:INTERNAL=/home/bionet-caleb/testing/zephyr-testing/myvenv/bin/python3
//Python3 Properties
_Python3_INTERPRETER_PROPERTIES:INTERNAL=Python;3;12;3;64;;cpython-312-x86_64-linux-gnu.so;abi3;/usr/lib/python3.12;/home/bionet-caleb/testing/zephyr-testing/myvenv/lib/python3.12;/home/bionet-caleb/testing/zephyr-testing/myvenv/lib/python3.12/site-packages;/home/bionet-caleb/testing/zephyr-testing/myvenv/lib/python3.12/site-packages
_Python3_INTERPRETER_SIGNATURE:INTERNAL=810ed528f28fa5def396362d0919d798
//NumPy reason failure
_Python3_NumPy_REASON_FAILURE:INTERNAL=

